<?xml version="1.0" encoding="UTF-8"?>
<testng-results ignored="0" total="1" passed="1" failed="0" skipped="0">
  <reporter-output>
  </reporter-output>
  <suite started-at="2024-07-25T15:18:48 IST" name="Suite" finished-at="2024-07-25T15:19:02 IST" duration-ms="14134">
    <groups>
    </groups>
    <test started-at="2024-07-25T15:18:48 IST" name="Test" finished-at="2024-07-25T15:19:02 IST" duration-ms="14134">
      <class name="sampletest.LoginTest">
        <test-method signature="login()[pri:0, instance:sampletest.LoginTest@6f46426d]" started-at="2024-07-25T15:18:48 IST" name="login" finished-at="2024-07-25T15:19:02 IST" duration-ms="14073" status="PASS">
          <reporter-output>
          </reporter-output>
        </test-method> <!-- login -->
      </class> <!-- sampletest.LoginTest -->
    </test> <!-- Test -->
  </suite> <!-- Suite -->
</testng-results>
